#
# There is insufficient memory for the Java Runtime Environment to continue.
# Native memory allocation (mmap) failed to map 2097152 bytes for G1 virtual space
# Possible reasons:
#   The system is out of physical RAM or swap space
#   The process is running with CompressedOops enabled, and the Java Heap may be blocking the growth of the native heap
# Possible solutions:
#   Reduce memory load on the system
#   Increase physical memory or swap space
#   Check if swap backing store is full
#   Decrease Java heap size (-Xmx/-Xms)
#   Decrease number of Java threads
#   Decrease Java thread stack sizes (-Xss)
#   Set larger code cache with -XX:ReservedCodeCacheSize=
#   JVM is running with Unscaled Compressed Oops mode in which the Java heap is
#     placed in the first 4GB address space. The Java Heap base address is the
#     maximum limit for the native heap growth. Please use -XX:HeapBaseMinAddress
#     to set the Java Heap base and to place the Java Heap above 4GB virtual address.
# This output file may be truncated or incomplete.
#
#  Out of Memory Error (os_windows.cpp:3536), pid=15664, tid=2524
#
# JRE version: OpenJDK Runtime Environment (19.0.2+7) (build 19.0.2+7-44)
# Java VM: OpenJDK 64-Bit Server VM (19.0.2+7-44, mixed mode, sharing, tiered, compressed oops, compressed class ptrs, g1 gc, windows-amd64)
# No core dump will be written. Minidumps are not enabled by default on client versions of Windows
#

---------------  S U M M A R Y ------------

Command Line: --add-opens=java.base/java.util=ALL-UNNAMED --add-opens=java.base/java.lang=ALL-UNNAMED --add-opens=java.base/java.lang.invoke=ALL-UNNAMED --add-opens=java.prefs/java.util.prefs=ALL-UNNAMED --add-opens=java.base/java.nio.charset=ALL-UNNAMED --add-opens=java.base/java.net=ALL-UNNAMED --add-opens=java.base/java.util.concurrent.atomic=ALL-UNNAMED -Xmx2048m -Dfile.encoding=UTF-8 -Duser.country=GB -Duser.language=en -Duser.variant org.gradle.launcher.daemon.bootstrap.GradleDaemon 7.6

Host: Intel(R) Core(TM) i3-6100U CPU @ 2.30GHz, 4 cores, 7G,  Windows 10 , 64 bit Build 19041 (10.0.19041.1889)
Time: Sun Feb 19 20:25:29 2023 Co-ordinated Universal Time elapsed time: 32.067643 seconds (0d 0h 0m 32s)

---------------  T H R E A D  ---------------

Current thread (0x000002297b7dabf0):  VMThread "VM Thread" [stack: 0x0000008563c00000,0x0000008563d00000] [id=2524]

Stack: [0x0000008563c00000,0x0000008563d00000]
Native frames: (J=compiled Java code, j=interpreted, Vv=VM code, C=native code)
V  [jvm.dll+0x6ee21a]
V  [jvm.dll+0x85765e]
V  [jvm.dll+0x85904e]
V  [jvm.dll+0x859703]
V  [jvm.dll+0x28298f]
V  [jvm.dll+0x6eb009]
V  [jvm.dll+0x6dfbaa]
V  [jvm.dll+0x3573f6]
V  [jvm.dll+0x35ee56]
V  [jvm.dll+0x3b541e]
V  [jvm.dll+0x3b564f]
V  [jvm.dll+0x32c9ea]
V  [jvm.dll+0x32f576]
V  [jvm.dll+0x33a0f5]
V  [jvm.dll+0x372bc0]
V  [jvm.dll+0x85ebc3]
V  [jvm.dll+0x85f989]
V  [jvm.dll+0x85febd]
V  [jvm.dll+0x86034b]
V  [jvm.dll+0x860407]
V  [jvm.dll+0x80125a]
V  [jvm.dll+0x6ecf0b]
C  [ucrtbase.dll+0x21bb2]
C  [KERNEL32.DLL+0x17034]
C  [ntdll.dll+0x526a1]

VM_Operation (0x00000085638ff4a0): G1PauseRemark, mode: safepoint, requested by thread 0x000002296c840e10


---------------  P R O C E S S  ---------------

Threads class SMR info:
_java_thread_list=0x000002297fe7e370, length=79, elements={
0x000002296c7caf20, 0x000002297b7f7990, 0x000002297b7f8920, 0x000002297b7fb7c0,
0x000002297b7fd100, 0x000002297b7fda30, 0x000002297b7feb00, 0x000002297b800180,
0x000002297b802920, 0x000002297b81bad0, 0x000002297fccd8f0, 0x000002297fcd8ab0,
0x00000229102762d0, 0x0000022910277810, 0x0000022910275830, 0x0000022910276820,
0x0000022910274840, 0x0000022910274d90, 0x00000229102752e0, 0x0000022910276d70,
0x00000229102772c0, 0x0000022910277d60, 0x0000022910275d80, 0x00000229106f79c0,
0x00000229106faee0, 0x00000229106fb430, 0x00000229106fb980, 0x00000229106f3f50,
0x00000229106f8460, 0x00000229106f44a0, 0x00000229106fa440, 0x00000229106f4f40,
0x00000229106f69d0, 0x00000229106f6f20, 0x00000229106f99a0, 0x00000229106f59e0,
0x00000229106f5f30, 0x00000229106f7470, 0x00000229106f7f10, 0x00000229106fa990,
0x00000229106f89b0, 0x00000229106f8f00, 0x00000229106f9450, 0x00000229106f9ef0,
0x0000022912c66d90, 0x0000022912c65850, 0x0000022912c69d60, 0x0000022912c6ad50,
0x0000022912c68d70, 0x0000022912c65da0, 0x0000022912c63dc0, 0x0000022912c64310,
0x0000022912c6a2b0, 0x0000022912c6a800, 0x0000022912c64db0, 0x0000022912c662f0,
0x0000022912c64860, 0x0000022912c692c0, 0x0000022912c65300, 0x0000022912c6b7f0,
0x0000022912c67830, 0x0000022912c672e0, 0x0000022912c6b2a0, 0x0000022912c66840,
0x0000022912c682d0, 0x0000022912c67d80, 0x0000022912c68820, 0x0000022912c69810,
0x0000022911436c20, 0x0000022911430c80, 0x00000229114346f0, 0x0000022911430730,
0x0000022911435c30, 0x0000022911433c50, 0x00000229114356e0, 0x00000229114311d0,
0x0000022911433700, 0x00000229114341a0, 0x0000022911432c60
}

Java Threads: ( => current thread )
  0x000002296c7caf20 JavaThread "main" [_thread_blocked, id=2676, stack(0x0000008563600000,0x0000008563700000)]
  0x000002297b7f7990 JavaThread "Reference Handler" daemon [_thread_blocked, id=17860, stack(0x0000008563d00000,0x0000008563e00000)]
  0x000002297b7f8920 JavaThread "Finalizer" daemon [_thread_blocked, id=18580, stack(0x0000008563e00000,0x0000008563f00000)]
  0x000002297b7fb7c0 JavaThread "Signal Dispatcher" daemon [_thread_blocked, id=17792, stack(0x0000008563f00000,0x0000008564000000)]
  0x000002297b7fd100 JavaThread "Attach Listener" daemon [_thread_blocked, id=22200, stack(0x0000008564000000,0x0000008564100000)]
  0x000002297b7fda30 JavaThread "Service Thread" daemon [_thread_blocked, id=20672, stack(0x0000008564100000,0x0000008564200000)]
  0x000002297b7feb00 JavaThread "Monitor Deflation Thread" daemon [_thread_blocked, id=20872, stack(0x0000008564200000,0x0000008564300000)]
  0x000002297b800180 JavaThread "C2 CompilerThread0" daemon [_thread_blocked, id=18516, stack(0x0000008564300000,0x0000008564400000)]
  0x000002297b802920 JavaThread "C1 CompilerThread0" daemon [_thread_blocked, id=16804, stack(0x0000008564400000,0x0000008564500000)]
  0x000002297b81bad0 JavaThread "Sweeper thread" daemon [_thread_blocked, id=21428, stack(0x0000008564500000,0x0000008564600000)]
  0x000002297fccd8f0 JavaThread "Common-Cleaner" daemon [_thread_blocked, id=19280, stack(0x0000008564600000,0x0000008564700000)]
  0x000002297fcd8ab0 JavaThread "Notification Thread" daemon [_thread_blocked, id=20756, stack(0x0000008564700000,0x0000008564800000)]
  0x00000229102762d0 JavaThread "Daemon health stats" [_thread_blocked, id=22120, stack(0x0000008564d00000,0x0000008564e00000)]
  0x0000022910277810 JavaThread "Incoming local TCP Connector on port 58583" [_thread_in_native, id=13504, stack(0x0000008564c00000,0x0000008564d00000)]
  0x0000022910275830 JavaThread "Daemon periodic checks" [_thread_blocked, id=22520, stack(0x0000008564e00000,0x0000008564f00000)]
  0x0000022910276820 JavaThread "Daemon" [_thread_blocked, id=20924, stack(0x0000008564f00000,0x0000008565000000)]
  0x0000022910274840 JavaThread "Handler for socket connection from /127.0.0.1:58583 to /127.0.0.1:58584" [_thread_in_native, id=11932, stack(0x0000008565000000,0x0000008565100000)]
  0x0000022910274d90 JavaThread "Cancel handler" [_thread_blocked, id=20904, stack(0x0000008565100000,0x0000008565200000)]
  0x00000229102752e0 JavaThread "Daemon worker" [_thread_blocked, id=20856, stack(0x0000008565200000,0x0000008565300000)]
  0x0000022910276d70 JavaThread "Asynchronous log dispatcher for DefaultDaemonConnection: socket connection from /127.0.0.1:58583 to /127.0.0.1:58584" [_thread_blocked, id=20344, stack(0x0000008565300000,0x0000008565400000)]
  0x00000229102772c0 JavaThread "Stdin handler" [_thread_blocked, id=8916, stack(0x0000008565400000,0x0000008565500000)]
  0x0000022910277d60 JavaThread "Daemon client event forwarder" [_thread_blocked, id=17564, stack(0x0000008565500000,0x0000008565600000)]
  0x0000022910275d80 JavaThread "Cache worker for journal cache (C:\Users\Agubata\AndroidStudioProjects\GibbsLibrary\caches\journal-1)" [_thread_blocked, id=19072, stack(0x0000008565600000,0x0000008565700000)]
  0x00000229106f79c0 JavaThread "File lock request listener" [_thread_in_native, id=17520, stack(0x0000008565700000,0x0000008565800000)]
  0x00000229106faee0 JavaThread "Cache worker for file hash cache (C:\Users\Agubata\AndroidStudioProjects\GibbsLibrary\caches\7.6\fileHashes)" [_thread_blocked, id=20100, stack(0x0000008565900000,0x0000008565a00000)]
  0x00000229106fb430 JavaThread "File watcher server" daemon [_thread_in_native, id=9684, stack(0x0000008565800000,0x0000008565900000)]
  0x00000229106fb980 JavaThread "File watcher consumer" daemon [_thread_blocked, id=21448, stack(0x0000008565a00000,0x0000008565b00000)]
  0x00000229106f3f50 JavaThread "Cache worker for checksums cache (C:\Users\Agubata\AndroidStudioProjects\GibbsELibrary\.gradle\7.6\checksums)" [_thread_blocked, id=22056, stack(0x0000008565b00000,0x0000008565c00000)]
  0x00000229106f8460 JavaThread "Cache worker for cache directory md-rule (C:\Users\Agubata\AndroidStudioProjects\GibbsLibrary\caches\7.6\md-rule)" [_thread_blocked, id=22448, stack(0x0000008565c00000,0x0000008565d00000)]
  0x00000229106f44a0 JavaThread "Cache worker for file content cache (C:\Users\Agubata\AndroidStudioProjects\GibbsLibrary\caches\7.6\fileContent)" [_thread_blocked, id=19656, stack(0x0000008565d00000,0x0000008565e00000)]
  0x00000229106fa440 JavaThread "Cache worker for file hash cache (C:\Users\Agubata\AndroidStudioProjects\GibbsELibrary\.gradle\7.6\fileHashes)" [_thread_blocked, id=13684, stack(0x0000008565e00000,0x0000008565f00000)]
  0x00000229106f4f40 JavaThread "Cache worker for cache directory md-supplier (C:\Users\Agubata\AndroidStudioProjects\GibbsLibrary\caches\7.6\md-supplier)" [_thread_blocked, id=21780, stack(0x0000008565f00000,0x0000008566000000)]
  0x00000229106f69d0 JavaThread "Cache worker for execution history cache (C:\Users\Agubata\AndroidStudioProjects\GibbsLibrary\caches\7.6\executionHistory)" [_thread_blocked, id=17372, stack(0x0000008566000000,0x0000008566100000)]
  0x00000229106f6f20 JavaThread "jar transforms" [_thread_blocked, id=7872, stack(0x0000008566200000,0x0000008566300000)]
  0x00000229106f99a0 JavaThread "jar transforms Thread 2" [_thread_blocked, id=14052, stack(0x0000008566300000,0x0000008566400000)]
  0x00000229106f59e0 JavaThread "Cache worker for dependencies-accessors (C:\Users\Agubata\AndroidStudioProjects\GibbsELibrary\.gradle\7.6\dependencies-accessors)" [_thread_blocked, id=14880, stack(0x0000008566400000,0x0000008566500000)]
  0x00000229106f5f30 JavaThread "jar transforms Thread 3" [_thread_blocked, id=22316, stack(0x0000008566100000,0x0000008566200000)]
  0x00000229106f7470 JavaThread "Cache worker for Build Output Cleanup Cache (C:\Users\Agubata\AndroidStudioProjects\GibbsELibrary\.gradle\buildOutputCleanup)" [_thread_blocked, id=21772, stack(0x0000008566500000,0x0000008566600000)]
  0x00000229106f7f10 JavaThread "Unconstrained build operations" [_thread_blocked, id=21616, stack(0x0000008566600000,0x0000008566700000)]
  0x00000229106fa990 JavaThread "Unconstrained build operations Thread 2" [_thread_blocked, id=10444, stack(0x0000008566700000,0x0000008566800000)]
  0x00000229106f89b0 JavaThread "Unconstrained build operations Thread 3" [_thread_blocked, id=21632, stack(0x0000008566800000,0x0000008566900000)]
  0x00000229106f8f00 JavaThread "Unconstrained build operations Thread 4" [_thread_blocked, id=16656, stack(0x0000008566900000,0x0000008566a00000)]
  0x00000229106f9450 JavaThread "Unconstrained build operations Thread 5" [_thread_blocked, id=21612, stack(0x0000008566a00000,0x0000008566b00000)]
  0x00000229106f9ef0 JavaThread "Unconstrained build operations Thread 6" [_thread_blocked, id=21584, stack(0x0000008566b00000,0x0000008566c00000)]
  0x0000022912c66d90 JavaThread "Unconstrained build operations Thread 7" [_thread_blocked, id=21696, stack(0x0000008566c00000,0x0000008566d00000)]
  0x0000022912c65850 JavaThread "Unconstrained build operations Thread 8" [_thread_blocked, id=21596, stack(0x0000008566d00000,0x0000008566e00000)]
  0x0000022912c69d60 JavaThread "Unconstrained build operations Thread 9" [_thread_blocked, id=21636, stack(0x0000008566e00000,0x0000008566f00000)]
  0x0000022912c6ad50 JavaThread "Unconstrained build operations Thread 10" [_thread_blocked, id=21812, stack(0x0000008566f00000,0x0000008567000000)]
  0x0000022912c68d70 JavaThread "Unconstrained build operations Thread 11" [_thread_blocked, id=21752, stack(0x0000008567000000,0x0000008567100000)]
  0x0000022912c65da0 JavaThread "Unconstrained build operations Thread 12" [_thread_blocked, id=1876, stack(0x0000008567100000,0x0000008567200000)]
  0x0000022912c63dc0 JavaThread "Unconstrained build operations Thread 13" [_thread_blocked, id=2596, stack(0x0000008567200000,0x0000008567300000)]
  0x0000022912c64310 JavaThread "Unconstrained build operations Thread 14" [_thread_blocked, id=20916, stack(0x0000008567300000,0x0000008567400000)]
  0x0000022912c6a2b0 JavaThread "Unconstrained build operations Thread 15" [_thread_blocked, id=12536, stack(0x0000008567400000,0x0000008567500000)]
  0x0000022912c6a800 JavaThread "Unconstrained build operations Thread 16" [_thread_blocked, id=21036, stack(0x0000008567500000,0x0000008567600000)]
  0x0000022912c64db0 JavaThread "Unconstrained build operations Thread 17" [_thread_blocked, id=21384, stack(0x0000008567600000,0x0000008567700000)]
  0x0000022912c662f0 JavaThread "Unconstrained build operations Thread 18" [_thread_blocked, id=20660, stack(0x0000008567700000,0x0000008567800000)]
  0x0000022912c64860 JavaThread "Unconstrained build operations Thread 19" [_thread_blocked, id=15316, stack(0x0000008567800000,0x0000008567900000)]
  0x0000022912c692c0 JavaThread "Unconstrained build operations Thread 20" [_thread_blocked, id=21240, stack(0x0000008567900000,0x0000008567a00000)]
  0x0000022912c65300 JavaThread "Unconstrained build operations Thread 21" [_thread_blocked, id=19468, stack(0x0000008567a00000,0x0000008567b00000)]
  0x0000022912c6b7f0 JavaThread "Unconstrained build operations Thread 22" [_thread_blocked, id=8068, stack(0x0000008567b00000,0x0000008567c00000)]
  0x0000022912c67830 JavaThread "Unconstrained build operations Thread 23" [_thread_blocked, id=11120, stack(0x0000008567c00000,0x0000008567d00000)]
  0x0000022912c672e0 JavaThread "Unconstrained build operations Thread 24" [_thread_blocked, id=22104, stack(0x0000008567d00000,0x0000008567e00000)]
  0x0000022912c6b2a0 JavaThread "Unconstrained build operations Thread 25" [_thread_blocked, id=21288, stack(0x0000008567e00000,0x0000008567f00000)]
  0x0000022912c66840 JavaThread "Unconstrained build operations Thread 26" [_thread_blocked, id=2956, stack(0x0000008567f00000,0x0000008568000000)]
  0x0000022912c682d0 JavaThread "Unconstrained build operations Thread 27" [_thread_blocked, id=16628, stack(0x0000008568000000,0x0000008568100000)]
  0x0000022912c67d80 JavaThread "Unconstrained build operations Thread 28" [_thread_blocked, id=21744, stack(0x0000008568100000,0x0000008568200000)]
  0x0000022912c68820 JavaThread "Unconstrained build operations Thread 29" [_thread_blocked, id=21644, stack(0x0000008568200000,0x0000008568300000)]
  0x0000022912c69810 JavaThread "Unconstrained build operations Thread 30" [_thread_blocked, id=21768, stack(0x0000008568300000,0x0000008568400000)]
  0x0000022911436c20 JavaThread "Unconstrained build operations Thread 31" [_thread_blocked, id=21760, stack(0x0000008568400000,0x0000008568500000)]
  0x0000022911430c80 JavaThread "Unconstrained build operations Thread 32" [_thread_blocked, id=21732, stack(0x0000008568500000,0x0000008568600000)]
  0x00000229114346f0 JavaThread "Unconstrained build operations Thread 33" [_thread_blocked, id=21620, stack(0x0000008568600000,0x0000008568700000)]
  0x0000022911430730 JavaThread "Unconstrained build operations Thread 34" [_thread_blocked, id=21600, stack(0x0000008568700000,0x0000008568800000)]
  0x0000022911435c30 JavaThread "Unconstrained build operations Thread 35" [_thread_blocked, id=21664, stack(0x0000008568800000,0x0000008568900000)]
  0x0000022911433c50 JavaThread "Unconstrained build operations Thread 36" [_thread_blocked, id=21604, stack(0x0000008568900000,0x0000008568a00000)]
  0x00000229114356e0 JavaThread "Unconstrained build operations Thread 37" [_thread_blocked, id=21792, stack(0x0000008568a00000,0x0000008568b00000)]
  0x00000229114311d0 JavaThread "Unconstrained build operations Thread 38" [_thread_blocked, id=21804, stack(0x0000008568b00000,0x0000008568c00000)]
  0x0000022911433700 JavaThread "Unconstrained build operations Thread 39" [_thread_blocked, id=21840, stack(0x0000008568c00000,0x0000008568d00000)]
  0x00000229114341a0 JavaThread "Unconstrained build operations Thread 40" [_thread_blocked, id=21648, stack(0x0000008568d00000,0x0000008568e00000)]
  0x0000022911432c60 JavaThread "jar transforms Thread 4" [_thread_blocked, id=21808, stack(0x0000008568e00000,0x0000008568f00000)]

Other Threads:
=>0x000002297b7dabf0 VMThread "VM Thread" [stack: 0x0000008563c00000,0x0000008563d00000] [id=2524]
  0x000002297fcdf010 WatcherThread "VM Periodic Task Thread" [stack: 0x0000008564800000,0x0000008564900000] [id=22296]
  0x000002296c82ffa0 WorkerThread "GC Thread#0" [stack: 0x0000008563700000,0x0000008563800000] [id=22076]
  0x000002297fff3f10 WorkerThread "GC Thread#1" [stack: 0x0000008564a00000,0x0000008564b00000] [id=4436]
  0x000002297ff1bde0 WorkerThread "GC Thread#2" [stack: 0x0000008564b00000,0x0000008564c00000] [id=21552]
  0x000002297fd48180 WorkerThread "GC Thread#3" [stack: 0x0000008564900000,0x0000008564a00000] [id=22432]
  0x000002296c840e10 ConcurrentGCThread "G1 Main Marker" [stack: 0x0000008563800000,0x0000008563900000] [id=8588]
  0x000002296c8418f0 WorkerThread "G1 Conc#0" [stack: 0x0000008563900000,0x0000008563a00000] [id=13748]
  0x000002297b6930c0 ConcurrentGCThread "G1 Refine#0" [stack: 0x0000008563a00000,0x0000008563b00000] [id=8236]
  0x000002297b693cb0 ConcurrentGCThread "G1 Service" [stack: 0x0000008563b00000,0x0000008563c00000] [id=9840]

Threads with active compile tasks:

VM state: at safepoint (normal execution)

VM Mutex/Monitor currently owned by a thread:  ([mutex/lock_event])
[0x000002296c7c7230] Threads_lock - owner thread: 0x000002297b7dabf0
[0x000002296c7c6ff0] Heap_lock - owner thread: 0x000002296c840e10

Heap address: 0x0000000080000000, size: 2048 MB, Compressed Oops mode: 32-bit

CDS archive(s) mapped at: [0x0000000800000000-0x0000000800c40000-0x0000000800c40000), size 12845056, SharedBaseAddress: 0x0000000800000000, ArchiveRelocationMode: 0.
Compressed class space mapped at: 0x0000000801000000-0x0000000841000000, reserved size: 1073741824
Narrow klass base: 0x0000000800000000, Narrow klass shift: 0, Narrow klass range: 0x100000000

GC Precious Log:
 CardTable entry size: 512
 Card Set container configuration: InlinePtr #cards 5 size 8 Array Of Cards #cards 12 size 40 Howl #buckets 4 coarsen threshold 1843 Howl Bitmap #cards 512 size 80 coarsen threshold 460 Card regions per heap region 1 cards per card region 2048
 CPUs: 4 total, 4 available
 Memory: 8081M
 Large Page Support: Disabled
 NUMA Support: Disabled
 Compressed Oops: Enabled (32-bit)
 Heap Region Size: 1M
 Heap Min Capacity: 8M
 Heap Initial Capacity: 128M
 Heap Max Capacity: 2G
 Pre-touch: Disabled
 Parallel Workers: 4
 Concurrent Workers: 1
 Concurrent Refinement Workers: 4
 Periodic GC: Disabled

Heap:
 garbage-first heap   total 78848K, used 45702K [0x0000000080000000, 0x0000000100000000)
  region size 1024K, 3 young (3072K), 2 survivors (2048K)
 Metaspace       used 49311K, committed 50816K, reserved 1114112K
  class space    used 6673K, committed 7424K, reserved 1048576K

Heap Regions: E=young(eden), S=young(survivor), O=old, HS=humongous(starts), HC=humongous(continues), CS=collection set, F=free, OA=open archive, CA=closed archive, TAMS=top-at-mark-start (previous, next)
|   0|0x0000000080000000, 0x0000000080100000, 0x0000000080100000|100%| O|  |TAMS 0x0000000080100000, 0x0000000080000000| Untracked 
|   1|0x0000000080100000, 0x0000000080200000, 0x0000000080200000|100%| O|  |TAMS 0x0000000080200000, 0x0000000080100000| Updating 
|   2|0x0000000080200000, 0x0000000080300000, 0x0000000080300000|100%|HS|  |TAMS 0x0000000080300000, 0x0000000080200000| Complete 
|   3|0x0000000080300000, 0x0000000080400000, 0x0000000080400000|100%|HC|  |TAMS 0x0000000080400000, 0x0000000080300000| Complete 
|   4|0x0000000080400000, 0x0000000080500000, 0x0000000080500000|100%|HC|  |TAMS 0x0000000080500000, 0x0000000080400000| Complete 
|   5|0x0000000080500000, 0x0000000080600000, 0x0000000080600000|100%| O|  |TAMS 0x0000000080600000, 0x0000000080500000| Untracked 
|   6|0x0000000080600000, 0x0000000080700000, 0x0000000080700000|100%| O|  |TAMS 0x0000000080700000, 0x0000000080600000| Untracked 
|   7|0x0000000080700000, 0x0000000080800000, 0x0000000080800000|100%| O|  |TAMS 0x0000000080800000, 0x0000000080700000| Untracked 
|   8|0x0000000080800000, 0x0000000080900000, 0x0000000080900000|100%|HS|  |TAMS 0x0000000080900000, 0x0000000080800000| Complete 
|   9|0x0000000080900000, 0x0000000080a00000, 0x0000000080a00000|100%| O|  |TAMS 0x0000000080a00000, 0x0000000080900000| Untracked 
|  10|0x0000000080a00000, 0x0000000080a00000, 0x0000000080b00000|  0%| F|  |TAMS 0x0000000080a00000, 0x0000000080a00000| Untracked 
|  11|0x0000000080b00000, 0x0000000080c00000, 0x0000000080c00000|100%| O|  |TAMS 0x0000000080c00000, 0x0000000080b00000| Updating 
|  12|0x0000000080c00000, 0x0000000080d00000, 0x0000000080d00000|100%| O|  |TAMS 0x0000000080d00000, 0x0000000080c00000| Untracked 
|  13|0x0000000080d00000, 0x0000000080e00000, 0x0000000080e00000|100%| O|  |TAMS 0x0000000080e00000, 0x0000000080d00000| Untracked 
|  14|0x0000000080e00000, 0x0000000080f00000, 0x0000000080f00000|100%| O|  |TAMS 0x0000000080f00000, 0x0000000080e00000| Untracked 
|  15|0x0000000080f00000, 0x0000000081000000, 0x0000000081000000|100%| O|  |TAMS 0x0000000081000000, 0x0000000080f00000| Untracked 
|  16|0x0000000081000000, 0x0000000081100000, 0x0000000081100000|100%| O|  |TAMS 0x0000000081100000, 0x0000000081000000| Untracked 
|  17|0x0000000081100000, 0x0000000081200000, 0x0000000081200000|100%| O|  |TAMS 0x0000000081200000, 0x0000000081100000| Untracked 
|  18|0x0000000081200000, 0x0000000081300000, 0x0000000081300000|100%| O|  |TAMS 0x0000000081300000, 0x0000000081200000| Untracked 
|  19|0x0000000081300000, 0x0000000081400000, 0x0000000081400000|100%| O|  |TAMS 0x0000000081400000, 0x0000000081300000| Untracked 
|  20|0x0000000081400000, 0x0000000081500000, 0x0000000081500000|100%| O|  |TAMS 0x0000000081500000, 0x0000000081400000| Untracked 
|  21|0x0000000081500000, 0x0000000081600000, 0x0000000081600000|100%| O|  |TAMS 0x0000000081600000, 0x0000000081500000| Untracked 
|  22|0x0000000081600000, 0x0000000081700000, 0x0000000081700000|100%| O|  |TAMS 0x0000000081700000, 0x0000000081600000| Untracked 
|  23|0x0000000081700000, 0x0000000081800000, 0x0000000081800000|100%| O|  |TAMS 0x0000000081800000, 0x0000000081700000| Untracked 
|  24|0x0000000081800000, 0x0000000081900000, 0x0000000081900000|100%| O|  |TAMS 0x0000000081900000, 0x0000000081800000| Untracked 
|  25|0x0000000081900000, 0x0000000081a00000, 0x0000000081a00000|100%| O|  |TAMS 0x0000000081a00000, 0x0000000081900000| Untracked 
|  26|0x0000000081a00000, 0x0000000081b00000, 0x0000000081b00000|100%| O|  |TAMS 0x0000000081b00000, 0x0000000081a00000| Untracked 
|  27|0x0000000081b00000, 0x0000000081c00000, 0x0000000081c00000|100%| O|  |TAMS 0x0000000081c00000, 0x0000000081b00000| Untracked 
|  28|0x0000000081c00000, 0x0000000081d00000, 0x0000000081d00000|100%| O|  |TAMS 0x0000000081d00000, 0x0000000081c00000| Untracked 
|  29|0x0000000081d00000, 0x0000000081e00000, 0x0000000081e00000|100%| O|  |TAMS 0x0000000081e00000, 0x0000000081d00000| Untracked 
|  30|0x0000000081e00000, 0x0000000081f00000, 0x0000000081f00000|100%| O|  |TAMS 0x0000000081f00000, 0x0000000081e00000| Untracked 
|  31|0x0000000081f00000, 0x0000000082000000, 0x0000000082000000|100%| O|  |TAMS 0x0000000082000000, 0x0000000081f00000| Untracked 
|  32|0x0000000082000000, 0x0000000082100000, 0x0000000082100000|100%| O|  |TAMS 0x0000000082100000, 0x0000000082000000| Untracked 
|  33|0x0000000082100000, 0x0000000082200000, 0x0000000082200000|100%|HS|  |TAMS 0x0000000082200000, 0x0000000082100000| Complete 
|  34|0x0000000082200000, 0x0000000082300000, 0x0000000082300000|100%| O|  |TAMS 0x0000000082300000, 0x0000000082200000| Untracked 
|  35|0x0000000082300000, 0x0000000082400000, 0x0000000082400000|100%| O|  |TAMS 0x0000000082400000, 0x0000000082300000| Untracked 
|  36|0x0000000082400000, 0x0000000082500000, 0x0000000082500000|100%| O|  |TAMS 0x0000000082500000, 0x0000000082400000| Untracked 
|  37|0x0000000082500000, 0x0000000082600000, 0x0000000082600000|100%| O|  |TAMS 0x0000000082600000, 0x0000000082500000| Updating 
|  38|0x0000000082600000, 0x0000000082700000, 0x0000000082700000|100%|HS|  |TAMS 0x0000000082700000, 0x0000000082600000| Complete 
|  39|0x0000000082700000, 0x0000000082800000, 0x0000000082800000|100%|HC|  |TAMS 0x0000000082800000, 0x0000000082700000| Complete 
|  40|0x0000000082800000, 0x0000000082900000, 0x0000000082900000|100%| O|  |TAMS 0x0000000082900000, 0x0000000082800000| Untracked 
|  41|0x0000000082900000, 0x0000000082a00000, 0x0000000082a00000|100%| O|  |TAMS 0x0000000082a00000, 0x0000000082900000| Untracked 
|  42|0x0000000082a00000, 0x0000000082b00000, 0x0000000082b00000|100%| O|  |TAMS 0x0000000082b00000, 0x0000000082a00000| Untracked 
|  43|0x0000000082b00000, 0x0000000082c00000, 0x0000000082c00000|100%| O|  |TAMS 0x0000000082c00000, 0x0000000082b00000| Untracked 
|  44|0x0000000082c00000, 0x0000000082c9b800, 0x0000000082d00000| 60%| O|  |TAMS 0x0000000082c9b800, 0x0000000082c00000| Updating 
|  45|0x0000000082d00000, 0x0000000082d00000, 0x0000000082e00000|  0%| F|  |TAMS 0x0000000082d00000, 0x0000000082d00000| Untracked 
|  46|0x0000000082e00000, 0x0000000082e00000, 0x0000000082f00000|  0%| F|  |TAMS 0x0000000082e00000, 0x0000000082e00000| Untracked 
|  47|0x0000000082f00000, 0x0000000082f00000, 0x0000000083000000|  0%| F|  |TAMS 0x0000000082f00000, 0x0000000082f00000| Untracked 
|  48|0x0000000083000000, 0x0000000083000000, 0x0000000083100000|  0%| F|  |TAMS 0x0000000083000000, 0x0000000083000000| Untracked 
|  49|0x0000000083100000, 0x0000000083100000, 0x0000000083200000|  0%| F|  |TAMS 0x0000000083100000, 0x0000000083100000| Untracked 
|  50|0x0000000083200000, 0x0000000083200000, 0x0000000083300000|  0%| F|  |TAMS 0x0000000083200000, 0x0000000083200000| Untracked 
|  51|0x0000000083300000, 0x0000000083300000, 0x0000000083400000|  0%| F|  |TAMS 0x0000000083300000, 0x0000000083300000| Untracked 
|  52|0x0000000083400000, 0x0000000083400000, 0x0000000083500000|  0%| F|  |TAMS 0x0000000083400000, 0x0000000083400000| Untracked 
|  53|0x0000000083500000, 0x0000000083500000, 0x0000000083600000|  0%| F|  |TAMS 0x0000000083500000, 0x0000000083500000| Untracked 
|  54|0x0000000083600000, 0x0000000083600000, 0x0000000083700000|  0%| F|  |TAMS 0x0000000083600000, 0x0000000083600000| Untracked 
|  55|0x0000000083700000, 0x0000000083700000, 0x0000000083800000|  0%| F|  |TAMS 0x0000000083700000, 0x0000000083700000| Untracked 
|  56|0x0000000083800000, 0x0000000083800000, 0x0000000083900000|  0%| F|  |TAMS 0x0000000083800000, 0x0000000083800000| Untracked 
|  57|0x0000000083900000, 0x0000000083906310, 0x0000000083a00000|  2%| S|CS|TAMS 0x0000000083900000, 0x0000000083900000| Complete 
|  58|0x0000000083a00000, 0x0000000083b00000, 0x0000000083b00000|100%| S|CS|TAMS 0x0000000083a00000, 0x0000000083a00000| Complete 
|  59|0x0000000083b00000, 0x0000000083b00000, 0x0000000083c00000|  0%| F|  |TAMS 0x0000000083b00000, 0x0000000083b00000| Untracked 
|  60|0x0000000083c00000, 0x0000000083c00000, 0x0000000083d00000|  0%| F|  |TAMS 0x0000000083c00000, 0x0000000083c00000| Untracked 
|  61|0x0000000083d00000, 0x0000000083d00000, 0x0000000083e00000|  0%| F|  |TAMS 0x0000000083d00000, 0x0000000083d00000| Untracked 
|  62|0x0000000083e00000, 0x0000000083e00000, 0x0000000083f00000|  0%| F|  |TAMS 0x0000000083e00000, 0x0000000083e00000| Untracked 
|  63|0x0000000083f00000, 0x0000000083f00000, 0x0000000084000000|  0%| F|  |TAMS 0x0000000083f00000, 0x0000000083f00000| Untracked 
|  64|0x0000000084000000, 0x0000000084000000, 0x0000000084100000|  0%| F|  |TAMS 0x0000000084000000, 0x0000000084000000| Untracked 
|  65|0x0000000084100000, 0x0000000084100000, 0x0000000084200000|  0%| F|  |TAMS 0x0000000084100000, 0x0000000084100000| Untracked 
|  66|0x0000000084200000, 0x0000000084200000, 0x0000000084300000|  0%| F|  |TAMS 0x0000000084200000, 0x0000000084200000| Untracked 
|  67|0x0000000084300000, 0x0000000084300000, 0x0000000084400000|  0%| F|  |TAMS 0x0000000084300000, 0x0000000084300000| Untracked 
|  68|0x0000000084400000, 0x0000000084400000, 0x0000000084500000|  0%| F|  |TAMS 0x0000000084400000, 0x0000000084400000| Untracked 
|  69|0x0000000084500000, 0x0000000084500000, 0x0000000084600000|  0%| F|  |TAMS 0x0000000084500000, 0x0000000084500000| Untracked 
|  70|0x0000000084600000, 0x0000000084600000, 0x0000000084700000|  0%| F|  |TAMS 0x0000000084600000, 0x0000000084600000| Untracked 
|  71|0x0000000084700000, 0x0000000084700000, 0x0000000084800000|  0%| F|  |TAMS 0x0000000084700000, 0x0000000084700000| Untracked 
|  72|0x0000000084800000, 0x0000000084800000, 0x0000000084900000|  0%| F|  |TAMS 0x0000000084800000, 0x0000000084800000| Untracked 
|  73|0x0000000084900000, 0x0000000084900000, 0x0000000084a00000|  0%| F|  |TAMS 0x0000000084900000, 0x0000000084900000| Untracked 
| 109|0x0000000086d00000, 0x0000000086d00000, 0x0000000086e00000|  0%| F|  |TAMS 0x0000000086d00000, 0x0000000086d00000| Untracked 
| 110|0x0000000086e00000, 0x0000000086e00000, 0x0000000086f00000|  0%| F|  |TAMS 0x0000000086e00000, 0x0000000086e00000| Untracked 
| 127|0x0000000087f00000, 0x0000000087ff5c78, 0x0000000088000000| 96%| E|  |TAMS 0x0000000087f00000, 0x0000000087f00000| Complete 

Card table byte_map: [0x0000022974b30000,0x0000022974f30000] _byte_map_base: 0x0000022974730000

Marking Bits (Prev, Next): (CMBitMap*) 0x000002296c8304e0, (CMBitMap*) 0x000002296c830520
 Prev Bits: [0x0000022975330000, 0x0000022977330000)
 Next Bits: [0x0000022977330000, 0x0000022979330000)

Polling page: 0x000002296a7d0000

Metaspace:

Usage:
  Non-class:     41.64 MB used.
      Class:      6.52 MB used.
       Both:     48.16 MB used.

Virtual space:
  Non-class space:       64.00 MB reserved,      42.38 MB ( 66%) committed,  1 nodes.
      Class space:        1.00 GB reserved,       7.25 MB ( <1%) committed,  1 nodes.
             Both:        1.06 GB reserved,      49.62 MB (  5%) committed. 

Chunk freelists:
   Non-Class:  1.48 MB
       Class:  785.00 KB
        Both:  2.25 MB

MaxMetaspaceSize: unlimited
CompressedClassSpaceSize: 1.00 GB
Initial GC threshold: 21.00 MB
Current GC threshold: 73.06 MB
CDS: on
MetaspaceReclaimPolicy: balanced
 - commit_granule_bytes: 65536.
 - commit_granule_words: 8192.
 - virtual_space_node_default_size: 8388608.
 - enlarge_chunks_in_place: 1.
 - new_chunks_are_fully_committed: 0.
 - uncommit_free_chunks: 1.
 - use_allocation_guard: 0.


Internal statistics:

num_allocs_failed_limit: 6.
num_arena_births: 2680.
num_arena_deaths: 0.
num_vsnodes_births: 2.
num_vsnodes_deaths: 0.
num_space_committed: 794.
num_space_uncommitted: 0.
num_chunks_returned_to_freelist: 6.
num_chunks_taken_from_freelist: 4983.
num_chunk_merges: 6.
num_chunk_splits: 3240.
num_chunks_enlarged: 1982.
num_inconsistent_stats: 0.

CodeHeap 'non-profiled nmethods': size=120000Kb used=2836Kb max_used=3074Kb free=117163Kb
 bounds [0x0000022907ad0000, 0x0000022907de0000, 0x000002290f000000]
CodeHeap 'profiled nmethods': size=120000Kb used=10279Kb max_used=10987Kb free=109720Kb
 bounds [0x0000022900000000, 0x0000022900ac0000, 0x0000022907530000]
CodeHeap 'non-nmethods': size=5760Kb used=2425Kb max_used=2481Kb free=3334Kb
 bounds [0x0000022907530000, 0x00000229077b0000, 0x0000022907ad0000]
 total_blobs=6342 nmethods=5481 adapters=770
 compilation: enabled
              stopped_count=0, restarted_count=0
 full_count=0

Compilation events (20 events):
Event: 31.828 Thread 0x000002297b800180 nmethod 6326 0x0000022907aeec90 code [0x0000022907aeee20, 0x0000022907aeeec8]
Event: 31.828 Thread 0x000002297b800180 6323       4       org.gradle.model.internal.asm.MethodVisitorScope::_ALOAD (8 bytes)
Event: 31.829 Thread 0x000002297b802920 nmethod 6327 0x0000022900023c10 code [0x0000022900023de0, 0x0000022900024328]
Event: 31.834 Thread 0x000002297b800180 nmethod 6323 0x0000022907aee490 code [0x0000022907aee640, 0x0000022907aee908]
Event: 31.851 Thread 0x000002297b802920 6328       3       com.google.common.collect.ImmutableSet::builder (8 bytes)
Event: 31.852 Thread 0x000002297b802920 nmethod 6328 0x0000022900023510 code [0x00000229000236e0, 0x0000022900023a78]
Event: 31.853 Thread 0x000002297b800180 6329       4       java.util.Arrays::copyOfRange (90 bytes)
Event: 31.860 Thread 0x000002297b800180 nmethod 6329 0x0000022907c28190 code [0x0000022907c28320, 0x0000022907c28838]
Event: 31.867 Thread 0x000002297b802920 6330       3       org.gradle.internal.event.ListenerBroadcast::dispatch (9 bytes)
Event: 31.867 Thread 0x000002297b802920 nmethod 6330 0x0000022900022e90 code [0x0000022900023040, 0x00000229000233e8]
Event: 31.867 Thread 0x000002297b802920 6331       3       org.gradle.internal.event.ListenerBroadcast::dispatch (9 bytes)
Event: 31.868 Thread 0x000002297b802920 nmethod 6331 0x0000022900022a10 code [0x0000022900022bc0, 0x0000022900022d88]
Event: 31.882 Thread 0x000002297b800180 6332       4       org.objectweb.asm.Frame::pop (42 bytes)
Event: 31.883 Thread 0x000002297b800180 nmethod 6332 0x0000022907c27e90 code [0x0000022907c28020, 0x0000022907c280f8]
Event: 31.902 Thread 0x000002297b802920 6333   !   3       org.gradle.cache.internal.DefaultCrossBuildInMemoryCacheFactory$AbstractCrossBuildInMemoryCache::get (65 bytes)
Event: 31.902 Thread 0x000002297b802920 nmethod 6333 0x00000229006ae310 code [0x00000229006ae500, 0x00000229006aea58]
Event: 31.903 Thread 0x000002297b802920 6334       3       java.util.TreeMap::<init> (20 bytes)
Event: 31.903 Thread 0x000002297b802920 nmethod 6334 0x0000022900022590 code [0x0000022900022740, 0x0000022900022938]
Event: 31.928 Thread 0x000002297b800180 6335       4       jdk.internal.loader.Resource::getByteBuffer (24 bytes)
Event: 31.932 Thread 0x000002297b800180 nmethod 6335 0x0000022907b16d10 code [0x0000022907b16ea0, 0x0000022907b17308]

GC Heap History (20 events):
Event: 14.085 GC heap before
{Heap before GC invocations=7 (full 0):
 garbage-first heap   total 78848K, used 25522K [0x0000000080000000, 0x0000000100000000)
  region size 1024K, 6 young (6144K), 5 survivors (5120K)
 Metaspace       used 27850K, committed 28928K, reserved 1114112K
  class space    used 4011K, committed 4544K, reserved 1048576K
}
Event: 14.096 GC heap after
{Heap after GC invocations=8 (full 0):
 garbage-first heap   total 78848K, used 24952K [0x0000000080000000, 0x0000000100000000)
  region size 1024K, 1 young (1024K), 1 survivors (1024K)
 Metaspace       used 27850K, committed 28928K, reserved 1114112K
  class space    used 4011K, committed 4544K, reserved 1048576K
}
Event: 15.353 GC heap before
{Heap before GC invocations=8 (full 0):
 garbage-first heap   total 78848K, used 58744K [0x0000000080000000, 0x0000000100000000)
  region size 1024K, 35 young (35840K), 1 survivors (1024K)
 Metaspace       used 32499K, committed 33600K, reserved 1114112K
  class space    used 4545K, committed 5120K, reserved 1048576K
}
Event: 15.360 GC heap after
{Heap after GC invocations=9 (full 0):
 garbage-first heap   total 78848K, used 28154K [0x0000000080000000, 0x0000000100000000)
  region size 1024K, 4 young (4096K), 4 survivors (4096K)
 Metaspace       used 32499K, committed 33600K, reserved 1114112K
  class space    used 4545K, committed 5120K, reserved 1048576K
}
Event: 16.134 GC heap before
{Heap before GC invocations=9 (full 0):
 garbage-first heap   total 78848K, used 52730K [0x0000000080000000, 0x0000000100000000)
  region size 1024K, 27 young (27648K), 4 survivors (4096K)
 Metaspace       used 34801K, committed 35968K, reserved 1114112K
  class space    used 4782K, committed 5376K, reserved 1048576K
}
Event: 16.143 GC heap after
{Heap after GC invocations=10 (full 0):
 garbage-first heap   total 78848K, used 30086K [0x0000000080000000, 0x0000000100000000)
  region size 1024K, 3 young (3072K), 3 survivors (3072K)
 Metaspace       used 34801K, committed 35968K, reserved 1114112K
  class space    used 4782K, committed 5376K, reserved 1048576K
}
Event: 19.592 GC heap before
{Heap before GC invocations=11 (full 0):
 garbage-first heap   total 78848K, used 61830K [0x0000000080000000, 0x0000000100000000)
  region size 1024K, 33 young (33792K), 3 survivors (3072K)
 Metaspace       used 39524K, committed 40832K, reserved 1114112K
  class space    used 5423K, committed 6080K, reserved 1048576K
}
Event: 19.603 GC heap after
{Heap after GC invocations=12 (full 0):
 garbage-first heap   total 78848K, used 32219K [0x0000000080000000, 0x0000000100000000)
  region size 1024K, 5 young (5120K), 5 survivors (5120K)
 Metaspace       used 39524K, committed 40832K, reserved 1114112K
  class space    used 5423K, committed 6080K, reserved 1048576K
}
Event: 19.863 GC heap before
{Heap before GC invocations=12 (full 0):
 garbage-first heap   total 78848K, used 33243K [0x0000000080000000, 0x0000000100000000)
  region size 1024K, 6 young (6144K), 5 survivors (5120K)
 Metaspace       used 39631K, committed 40896K, reserved 1114112K
  class space    used 5442K, committed 6080K, reserved 1048576K
}
Event: 19.879 GC heap after
{Heap after GC invocations=13 (full 0):
 garbage-first heap   total 78848K, used 32462K [0x0000000080000000, 0x0000000100000000)
  region size 1024K, 1 young (1024K), 1 survivors (1024K)
 Metaspace       used 39631K, committed 40896K, reserved 1114112K
  class space    used 5442K, committed 6080K, reserved 1048576K
}
Event: 22.491 GC heap before
{Heap before GC invocations=13 (full 0):
 garbage-first heap   total 78848K, used 60110K [0x0000000080000000, 0x0000000100000000)
  region size 1024K, 29 young (29696K), 1 survivors (1024K)
 Metaspace       used 42820K, committed 44224K, reserved 1114112K
  class space    used 5872K, committed 6592K, reserved 1048576K
}
Event: 22.503 GC heap after
{Heap after GC invocations=14 (full 0):
 garbage-first heap   total 78848K, used 34047K [0x0000000080000000, 0x0000000100000000)
  region size 1024K, 3 young (3072K), 3 survivors (3072K)
 Metaspace       used 42820K, committed 44224K, reserved 1114112K
  class space    used 5872K, committed 6592K, reserved 1048576K
}
Event: 26.651 GC heap before
{Heap before GC invocations=14 (full 0):
 garbage-first heap   total 78848K, used 58623K [0x0000000080000000, 0x0000000100000000)
  region size 1024K, 25 young (25600K), 3 survivors (3072K)
 Metaspace       used 43469K, committed 44864K, reserved 1114112K
  class space    used 5928K, committed 6656K, reserved 1048576K
}
Event: 26.674 GC heap after
{Heap after GC invocations=15 (full 0):
 garbage-first heap   total 78848K, used 41626K [0x0000000080000000, 0x0000000100000000)
  region size 1024K, 4 young (4096K), 4 survivors (4096K)
 Metaspace       used 43469K, committed 44864K, reserved 1114112K
  class space    used 5928K, committed 6656K, reserved 1048576K
}
Event: 29.663 GC heap before
{Heap before GC invocations=16 (full 0):
 garbage-first heap   total 78848K, used 63130K [0x0000000080000000, 0x0000000100000000)
  region size 1024K, 23 young (23552K), 4 survivors (4096K)
 Metaspace       used 46148K, committed 47616K, reserved 1114112K
  class space    used 6275K, committed 7040K, reserved 1048576K
}
Event: 29.670 GC heap after
{Heap after GC invocations=17 (full 0):
 garbage-first heap   total 78848K, used 44928K [0x0000000080000000, 0x0000000100000000)
  region size 1024K, 2 young (2048K), 2 survivors (2048K)
 Metaspace       used 46148K, committed 47616K, reserved 1114112K
  class space    used 6275K, committed 7040K, reserved 1048576K
}
Event: 29.764 GC heap before
{Heap before GC invocations=17 (full 0):
 garbage-first heap   total 78848K, used 45952K [0x0000000080000000, 0x0000000100000000)
  region size 1024K, 3 young (3072K), 2 survivors (2048K)
 Metaspace       used 46316K, committed 47808K, reserved 1114112K
  class space    used 6296K, committed 7040K, reserved 1048576K
}
Event: 29.770 GC heap after
{Heap after GC invocations=18 (full 0):
 garbage-first heap   total 78848K, used 44790K [0x0000000080000000, 0x0000000100000000)
  region size 1024K, 1 young (1024K), 1 survivors (1024K)
 Metaspace       used 46316K, committed 47808K, reserved 1114112K
  class space    used 6296K, committed 7040K, reserved 1048576K
}
Event: 31.915 GC heap before
{Heap before GC invocations=18 (full 0):
 garbage-first heap   total 78848K, used 61174K [0x0000000080000000, 0x0000000100000000)
  region size 1024K, 18 young (18432K), 1 survivors (1024K)
 Metaspace       used 49034K, committed 50496K, reserved 1114112K
  class space    used 6658K, committed 7424K, reserved 1048576K
}
Event: 31.918 GC heap after
{Heap after GC invocations=19 (full 0):
 garbage-first heap   total 78848K, used 45702K [0x0000000080000000, 0x0000000100000000)
  region size 1024K, 2 young (2048K), 2 survivors (2048K)
 Metaspace       used 49034K, committed 50496K, reserved 1114112K
  class space    used 6658K, committed 7424K, reserved 1048576K
}

Dll operation events (13 events):
Event: 0.027 Loaded shared library C:\Users\Agubata\.jdks\openjdk-19.0.2\bin\java.dll
Event: 0.092 Loaded shared library C:\Users\Agubata\.jdks\openjdk-19.0.2\bin\jsvml.dll
Event: 0.294 Loaded shared library C:\Users\Agubata\.jdks\openjdk-19.0.2\bin\net.dll
Event: 0.297 Loaded shared library C:\Users\Agubata\.jdks\openjdk-19.0.2\bin\nio.dll
Event: 0.308 Loaded shared library C:\Users\Agubata\.jdks\openjdk-19.0.2\bin\zip.dll
Event: 0.683 Loaded shared library C:\Users\Agubata\.jdks\openjdk-19.0.2\bin\jimage.dll
Event: 0.859 Loaded shared library C:\Users\Agubata\.jdks\openjdk-19.0.2\bin\verify.dll
Event: 1.261 Loaded shared library C:\Users\Agubata\AndroidStudioProjects\GibbsLibrary\native\68d5fa5c4cc2d200863cafc0d521ce42e7d3e7ee720ec0a83991735586a16f82\windows-amd64\native-platform.dll
Event: 1.277 Loaded shared library C:\Users\Agubata\AndroidStudioProjects\GibbsLibrary\native\e376f236ea51e6404a007f0833ffe2c6e607c4080706a723a18a27aeea778392\windows-amd64\native-platform-file-events.dll
Event: 3.093 Loaded shared library C:\Users\Agubata\.jdks\openjdk-19.0.2\bin\management.dll
Event: 3.101 Loaded shared library C:\Users\Agubata\.jdks\openjdk-19.0.2\bin\management_ext.dll
Event: 3.676 Loaded shared library C:\Users\Agubata\.jdks\openjdk-19.0.2\bin\extnet.dll
Event: 4.355 Loaded shared library C:\Users\Agubata\.jdks\openjdk-19.0.2\bin\sunmscapi.dll

Deoptimization events (20 events):
Event: 30.594 Thread 0x00000229102752e0 Uncommon trap: trap_request=0xffffff45 fr.pc=0x0000022907c6b8f0 relative=0x00000000000001d0
Event: 30.594 Thread 0x00000229102752e0 Uncommon trap: reason=unstable_if action=reinterpret pc=0x0000022907c6b8f0 method=java.lang.invoke.LambdaFormBuffer.changeName(ILjava/lang/invoke/LambdaForm$Name;)V @ 140 c2
Event: 30.595 Thread 0x00000229102752e0 DEOPT PACKING pc=0x0000022907c6b8f0 sp=0x00000085652f5180
Event: 30.595 Thread 0x00000229102752e0 DEOPT UNPACKING pc=0x0000022907596da3 sp=0x00000085652f5128 mode 2
Event: 31.417 Thread 0x00000229102752e0 Uncommon trap: trap_request=0xffffff45 fr.pc=0x0000022907b4a72c relative=0x000000000000018c
Event: 31.417 Thread 0x00000229102752e0 Uncommon trap: reason=unstable_if action=reinterpret pc=0x0000022907b4a72c method=org.apache.xerces.dom.DeferredDocumentImpl.clearChunkValue([[Ljava/lang/Object;II)Ljava/lang/String; @ 59 c2
Event: 31.417 Thread 0x00000229102752e0 DEOPT PACKING pc=0x0000022907b4a72c sp=0x00000085652f6570
Event: 31.417 Thread 0x00000229102752e0 DEOPT UNPACKING pc=0x0000022907596da3 sp=0x00000085652f6510 mode 2
Event: 31.709 Thread 0x00000229102752e0 Uncommon trap: trap_request=0xffffff45 fr.pc=0x0000022907cebdf4 relative=0x00000000000002b4
Event: 31.709 Thread 0x00000229102752e0 Uncommon trap: reason=unstable_if action=reinterpret pc=0x0000022907cebdf4 method=org.gradle.internal.instantiation.generator.AbstractClassGenerator$InjectionAnnotationValidator.validateMethod(Ljava/lang/reflect/Method;Lorg/gradle/internal/reflect/Propert
Event: 31.709 Thread 0x00000229102752e0 DEOPT PACKING pc=0x0000022907cebdf4 sp=0x00000085652f74d0
Event: 31.709 Thread 0x00000229102752e0 DEOPT UNPACKING pc=0x0000022907596da3 sp=0x00000085652f7498 mode 2
Event: 31.709 Thread 0x00000229102752e0 Uncommon trap: trap_request=0xffffff45 fr.pc=0x0000022907c7bab4 relative=0x0000000000000754
Event: 31.709 Thread 0x00000229102752e0 Uncommon trap: reason=unstable_if action=reinterpret pc=0x0000022907c7bab4 method=org.gradle.internal.instantiation.generator.AbstractClassGenerator$InjectionAnnotationValidator.validateMethod(Ljava/lang/reflect/Method;Lorg/gradle/internal/reflect/Propert
Event: 31.709 Thread 0x00000229102752e0 DEOPT PACKING pc=0x0000022907c7bab4 sp=0x00000085652f7410
Event: 31.709 Thread 0x00000229102752e0 DEOPT UNPACKING pc=0x0000022907596da3 sp=0x00000085652f7400 mode 2
Event: 31.866 Thread 0x00000229102752e0 Uncommon trap: trap_request=0xffffffcc fr.pc=0x0000022907c285d0 relative=0x00000000000002b0
Event: 31.866 Thread 0x00000229102752e0 Uncommon trap: reason=intrinsic_or_type_checked_inlining action=make_not_entrant pc=0x0000022907c285d0 method=java.util.Arrays.copyOfRange([Ljava/lang/Object;IILjava/lang/Class;)[Ljava/lang/Object; @ 84 c2
Event: 31.866 Thread 0x00000229102752e0 DEOPT PACKING pc=0x0000022907c285d0 sp=0x00000085652f7b00
Event: 31.866 Thread 0x00000229102752e0 DEOPT UNPACKING pc=0x0000022907596da3 sp=0x00000085652f7a80 mode 2

Classes loaded (20 events):
Event: 31.228 Loading class org/w3c/dom/DocumentType
Event: 31.228 Loading class org/w3c/dom/DocumentType done
Event: 31.228 Loading class org/w3c/dom/Notation
Event: 31.228 Loading class org/w3c/dom/Notation done
Event: 31.228 Loading class org/w3c/dom/Entity
Event: 31.229 Loading class org/w3c/dom/Entity done
Event: 31.230 Loading class org/w3c/dom/ElementTraversal
Event: 31.230 Loading class org/w3c/dom/ElementTraversal done
Event: 31.233 Loading class org/w3c/dom/events/Event
Event: 31.233 Loading class org/w3c/dom/events/Event done
Event: 31.233 Loading class org/w3c/dom/events/MutationEvent
Event: 31.233 Loading class org/w3c/dom/events/MutationEvent done
Event: 31.234 Loading class org/w3c/dom/events/EventException
Event: 31.234 Loading class org/w3c/dom/events/EventException done
Event: 31.235 Loading class org/w3c/dom/traversal/NodeIterator
Event: 31.235 Loading class org/w3c/dom/traversal/NodeIterator done
Event: 31.235 Loading class org/w3c/dom/traversal/TreeWalker
Event: 31.235 Loading class org/w3c/dom/traversal/TreeWalker done
Event: 31.235 Loading class org/w3c/dom/ranges/Range
Event: 31.235 Loading class org/w3c/dom/ranges/Range done

Classes unloaded (0 events):
No events

Classes redefined (0 events):
No events

Internal exceptions (20 events):
Event: 23.670 Thread 0x0000022910277d60 Exception <a 'java/lang/NoSuchMethodError'{0x0000000083e2d248}: static Lorg/gradle/internal/build/event/types/AbstractOperationResult;.<clinit>()V> (0x0000000083e2d248) 
thrown [s\open\src\hotspot\share\prims\jni.cpp, line 1107]
Event: 23.670 Thread 0x0000022910277d60 Exception <a 'java/lang/NoSuchMethodError'{0x0000000083e2e210}: static Lorg/gradle/internal/build/event/types/AbstractResult;.<clinit>()V> (0x0000000083e2e210) 
thrown [s\open\src\hotspot\share\prims\jni.cpp, line 1107]
Event: 23.691 Thread 0x0000022910277d60 Exception <a 'java/lang/NoSuchMethodError'{0x0000000083e42e30}: static Lorg/gradle/internal/build/event/types/DefaultPluginApplicationResult;.<clinit>()V> (0x0000000083e42e30) 
thrown [s\open\src\hotspot\share\prims\jni.cpp, line 1107]
Event: 23.703 Thread 0x0000022910277d60 Exception <a 'java/lang/NoSuchMethodError'{0x0000000083e4d840}: static Lorg/gradle/internal/build/event/types/DefaultBinaryPluginIdentifier;.<clinit>()V> (0x0000000083e4d840) 
thrown [s\open\src\hotspot\share\prims\jni.cpp, line 1107]
Event: 23.733 Thread 0x0000022910277d60 Exception <a 'java/lang/NoSuchMethodError'{0x0000000083e62200}: static Lorg/gradle/internal/build/event/types/DefaultScriptPluginIdentifier;.<clinit>()V> (0x0000000083e62200) 
thrown [s\open\src\hotspot\share\prims\jni.cpp, line 1107]
Event: 23.879 Thread 0x00000229102752e0 Exception <a 'java/lang/ClassNotFoundException'{0x0000000083e99a10}: build_3dh8w9vo63ab5zqqsesx5m16oBeanInfo> (0x0000000083e99a10) 
thrown [s\open\src\hotspot\share\classfile\systemDictionary.cpp, line 255]
Event: 23.885 Thread 0x00000229102752e0 Exception <a 'java/lang/ClassNotFoundException'{0x0000000083e9fde0}: build_3dh8w9vo63ab5zqqsesx5m16oCustomizer> (0x0000000083e9fde0) 
thrown [s\open\src\hotspot\share\classfile\systemDictionary.cpp, line 255]
Event: 27.416 Thread 0x00000229102752e0 Exception <a 'java/lang/ClassNotFoundException'{0x0000000087fb6520}: org/gradle/api/internal/plugins/DefaultObjectConfigurationActionBeanInfo> (0x0000000087fb6520) 
thrown [s\open\src\hotspot\share\classfile\systemDictionary.cpp, line 255]
Event: 27.417 Thread 0x00000229102752e0 Exception <a 'java/lang/ClassNotFoundException'{0x0000000087fc6578}: org/gradle/api/internal/plugins/DefaultObjectConfigurationActionCustomizer> (0x0000000087fc6578) 
thrown [s\open\src\hotspot\share\classfile\systemDictionary.cpp, line 255]
Event: 28.457 Thread 0x00000229102752e0 Exception <a 'java/lang/NoSuchMethodError'{0x0000000084112d90}: 'java.lang.Object java.lang.invoke.DirectMethodHandle$Holder.newInvokeSpecial(java.lang.Object, java.lang.Object, java.lang.Object, java.lang.Object, int)'> (0x0000000084112d90) 
thrown [s\open\src\hotspot\share\interpreter\linkResolver.cpp, line 774]
Event: 28.459 Thread 0x00000229102752e0 Exception <a 'java/lang/NoSuchMethodError'{0x0000000084117ec0}: 'java.lang.Object java.lang.invoke.DirectMethodHandle$Holder.invokeSpecial(java.lang.Object, java.lang.Object, java.lang.Object, java.lang.Object, java.lang.Object, int)'> (0x0000000084117ec0) 
thrown [s\open\src\hotspot\share\interpreter\linkResolver.cpp, line 774]
Event: 28.461 Thread 0x00000229102752e0 Exception <a 'java/lang/NoSuchMethodError'{0x000000008411c928}: 'java.lang.Object java.lang.invoke.Invokers$Holder.linkToTargetMethod(java.lang.Object, java.lang.Object, java.lang.Object, int, java.lang.Object)'> (0x000000008411c928) 
thrown [s\open\src\hotspot\share\interpreter\linkResolver.cpp, line 774]
Event: 28.525 Thread 0x00000229102752e0 Exception <a 'java/lang/NoSuchMethodError'{0x00000000841d9230}: 'java.lang.Object java.lang.invoke.DirectMethodHandle$Holder.newInvokeSpecial(java.lang.Object, java.lang.Object, int, int)'> (0x00000000841d9230) 
thrown [s\open\src\hotspot\share\interpreter\linkResolver.cpp, line 774]
Event: 28.527 Thread 0x00000229102752e0 Exception <a 'java/lang/NoSuchMethodError'{0x00000000841de650}: 'java.lang.Object java.lang.invoke.DirectMethodHandle$Holder.invokeSpecial(java.lang.Object, java.lang.Object, java.lang.Object, int, int)'> (0x00000000841de650) 
thrown [s\open\src\hotspot\share\interpreter\linkResolver.cpp, line 774]
Event: 28.553 Thread 0x00000229102752e0 Exception <a 'java/lang/NoSuchMethodError'{0x0000000084035b18}: 'void java.lang.invoke.DirectMethodHandle$Holder.invokeSpecial(java.lang.Object, java.lang.Object, int)'> (0x0000000084035b18) 
thrown [s\open\src\hotspot\share\interpreter\linkResolver.cpp, line 774]
Event: 28.554 Thread 0x00000229102752e0 Exception <a 'java/lang/NoSuchMethodError'{0x000000008403a530}: 'void java.lang.invoke.Invokers$Holder.invokeExact_MT(java.lang.Object, int, java.lang.Object)'> (0x000000008403a530) 
thrown [s\open\src\hotspot\share\interpreter\linkResolver.cpp, line 774]
Event: 30.088 Thread 0x00000229102752e0 Exception <a 'java/lang/NoSuchMethodError'{0x0000000086d497f8}: 'void java.lang.invoke.Invokers$Holder.invokeExact_MT(java.lang.Object, java.lang.Object, java.lang.Object, java.lang.Object)'> (0x0000000086d497f8) 
thrown [s\open\src\hotspot\share\interpreter\linkResolver.cpp, line 774]
Event: 30.097 Thread 0x00000229102752e0 Exception <a 'java/lang/NoSuchMethodError'{0x0000000086d533d8}: 'void java.lang.invoke.DelegatingMethodHandle$Holder.reinvoke_L(java.lang.Object, java.lang.Object, int)'> (0x0000000086d533d8) 
thrown [s\open\src\hotspot\share\interpreter\linkResolver.cpp, line 774]
Event: 30.099 Thread 0x00000229102752e0 Exception <a 'java/lang/NoSuchMethodError'{0x0000000086d5b488}: 'void java.lang.invoke.Invokers$Holder.invokeExact_MT(java.lang.Object, java.lang.Object, int, java.lang.Object)'> (0x0000000086d5b488) 
thrown [s\open\src\hotspot\share\interpreter\linkResolver.cpp, line 774]
Event: 31.617 Thread 0x00000229102752e0 Exception <a 'java/lang/NoSuchMethodError'{0x0000000083ebf770}: 'int java.lang.invoke.DirectMethodHandle$Holder.invokeInterface(java.lang.Object, java.lang.Object, java.lang.Object, java.lang.Object)'> (0x0000000083ebf770) 
thrown [s\open\src\hotspot\share\interpreter\linkResolver.cpp, line 774]

VM Operations (20 events):
Event: 28.009 Executing VM operation: Cleanup done
Event: 29.011 Executing VM operation: Cleanup
Event: 29.011 Executing VM operation: Cleanup done
Event: 29.663 Executing VM operation: G1CollectForAllocation
Event: 29.671 Executing VM operation: G1CollectForAllocation done
Event: 29.764 Executing VM operation: G1CollectForAllocation
Event: 29.770 Executing VM operation: G1CollectForAllocation done
Event: 30.783 Executing VM operation: Cleanup
Event: 30.783 Executing VM operation: Cleanup done
Event: 30.980 Executing VM operation: HandshakeAllThreads
Event: 30.980 Executing VM operation: HandshakeAllThreads done
Event: 31.319 Executing VM operation: HandshakeAllThreads
Event: 31.320 Executing VM operation: HandshakeAllThreads done
Event: 31.592 Executing VM operation: HandshakeAllThreads
Event: 31.592 Executing VM operation: HandshakeAllThreads done
Event: 31.615 Executing VM operation: HandshakeAllThreads
Event: 31.616 Executing VM operation: HandshakeAllThreads done
Event: 31.915 Executing VM operation: G1CollectForAllocation
Event: 31.918 Executing VM operation: G1CollectForAllocation done
Event: 32.032 Executing VM operation: G1PauseRemark

Events (20 events):
Event: 22.974 Thread 0x000002297b81bad0 flushing nmethod 0x0000022900914510
Event: 22.974 Thread 0x000002297b81bad0 flushing nmethod 0x000002290091ac10
Event: 22.974 Thread 0x000002297b81bad0 flushing nmethod 0x0000022900955e10
Event: 22.975 Thread 0x000002297b81bad0 flushing nmethod 0x0000022900969790
Event: 22.975 Thread 0x000002297b81bad0 flushing nmethod 0x0000022900970890
Event: 22.975 Thread 0x000002297b81bad0 flushing nmethod 0x0000022900970f10
Event: 22.975 Thread 0x000002297b81bad0 flushing nmethod 0x0000022900971a10
Event: 22.975 Thread 0x000002297b81bad0 flushing nmethod 0x0000022900972910
Event: 22.975 Thread 0x000002297b81bad0 flushing nmethod 0x0000022900983b10
Event: 22.975 Thread 0x000002297b81bad0 flushing nmethod 0x0000022900984190
Event: 22.975 Thread 0x000002297b81bad0 flushing nmethod 0x0000022900984b90
Event: 22.975 Thread 0x000002297b81bad0 flushing nmethod 0x0000022900985090
Event: 22.975 Thread 0x000002297b81bad0 flushing nmethod 0x0000022900987190
Event: 22.975 Thread 0x000002297b81bad0 flushing nmethod 0x0000022900988290
Event: 22.975 Thread 0x000002297b81bad0 flushing nmethod 0x0000022900989190
Event: 22.975 Thread 0x000002297b81bad0 flushing nmethod 0x000002290098a990
Event: 22.975 Thread 0x000002297b81bad0 flushing nmethod 0x000002290098b110
Event: 22.975 Thread 0x000002297b81bad0 flushing nmethod 0x000002290098c790
Event: 22.975 Thread 0x000002297b81bad0 flushing nmethod 0x00000229009db790
Event: 22.987 Thread 0x0000022911432c60 Thread added: 0x0000022911432c60


Dynamic libraries:
0x00007ff7f3aa0000 - 0x00007ff7f3aae000 	C:\Users\Agubata\.jdks\openjdk-19.0.2\bin\java.exe
0x00007fff1c790000 - 0x00007fff1c988000 	C:\Windows\SYSTEM32\ntdll.dll
0x00007fff1b900000 - 0x00007fff1b9bd000 	C:\Windows\System32\KERNEL32.DLL
0x00007fff19ff0000 - 0x00007fff1a2c2000 	C:\Windows\System32\KERNELBASE.dll
0x00007fff1a590000 - 0x00007fff1a690000 	C:\Windows\System32\ucrtbase.dll
0x00007ffefad10000 - 0x00007ffefad27000 	C:\Users\Agubata\.jdks\openjdk-19.0.2\bin\jli.dll
0x00007ffefacf0000 - 0x00007ffefad0b000 	C:\Users\Agubata\.jdks\openjdk-19.0.2\bin\VCRUNTIME140.dll
0x00007fff1b570000 - 0x00007fff1b70d000 	C:\Windows\System32\USER32.dll
0x00007fff1a2d0000 - 0x00007fff1a2f2000 	C:\Windows\System32\win32u.dll
0x00007fff09130000 - 0x00007fff093ca000 	C:\Windows\WinSxS\amd64_microsoft.windows.common-controls_6595b64144ccf1df_6.0.19041.1110_none_60b5254171f9507e\COMCTL32.dll
0x00007fff1b310000 - 0x00007fff1b33b000 	C:\Windows\System32\GDI32.dll
0x00007fff1b7f0000 - 0x00007fff1b88e000 	C:\Windows\System32\msvcrt.dll
0x00007fff1a300000 - 0x00007fff1a40f000 	C:\Windows\System32\gdi32full.dll
0x00007fff19ea0000 - 0x00007fff19f3d000 	C:\Windows\System32\msvcp_win.dll
0x00007fff1b2e0000 - 0x00007fff1b310000 	C:\Windows\System32\IMM32.DLL
0x00007fff15080000 - 0x00007fff1508c000 	C:\Users\Agubata\.jdks\openjdk-19.0.2\bin\vcruntime140_1.dll
0x00007ffe9e3a0000 - 0x00007ffe9e42e000 	C:\Users\Agubata\.jdks\openjdk-19.0.2\bin\msvcp140.dll
0x00007ffe6cdf0000 - 0x00007ffe6dab0000 	C:\Users\Agubata\.jdks\openjdk-19.0.2\bin\server\jvm.dll
0x00007fff1a7f0000 - 0x00007fff1a89e000 	C:\Windows\System32\ADVAPI32.dll
0x00007fff1ad90000 - 0x00007fff1ae2c000 	C:\Windows\System32\sechost.dll
0x00007fff1c620000 - 0x00007fff1c745000 	C:\Windows\System32\RPCRT4.dll
0x00007fff17e30000 - 0x00007fff17e39000 	C:\Windows\SYSTEM32\WSOCK32.dll
0x00007fff1b890000 - 0x00007fff1b8fb000 	C:\Windows\System32\WS2_32.dll
0x00007fff057a0000 - 0x00007fff057c7000 	C:\Windows\SYSTEM32\WINMM.dll
0x00007fff050a0000 - 0x00007fff050aa000 	C:\Windows\SYSTEM32\VERSION.dll
0x00007fff186f0000 - 0x00007fff18702000 	C:\Windows\SYSTEM32\kernel.appcore.dll
0x00007fff08980000 - 0x00007fff0898a000 	C:\Users\Agubata\.jdks\openjdk-19.0.2\bin\jimage.dll
0x00007fff17ad0000 - 0x00007fff17cb4000 	C:\Windows\SYSTEM32\DBGHELP.DLL
0x00007fff00dd0000 - 0x00007fff00dfc000 	C:\Windows\SYSTEM32\dbgcore.DLL
0x00007fff1a490000 - 0x00007fff1a512000 	C:\Windows\System32\bcryptPrimitives.dll
0x00007ffedf110000 - 0x00007ffedf136000 	C:\Users\Agubata\.jdks\openjdk-19.0.2\bin\java.dll
0x00007ffe973a0000 - 0x00007ffe97477000 	C:\Users\Agubata\.jdks\openjdk-19.0.2\bin\jsvml.dll
0x00007fff1bed0000 - 0x00007fff1c613000 	C:\Windows\System32\SHELL32.dll
0x00007fff17f40000 - 0x00007fff186d1000 	C:\Windows\SYSTEM32\windows.storage.dll
0x00007fff1bb50000 - 0x00007fff1bea4000 	C:\Windows\System32\combase.dll
0x00007fff19900000 - 0x00007fff19930000 	C:\Windows\SYSTEM32\Wldp.dll
0x00007fff1b230000 - 0x00007fff1b2dd000 	C:\Windows\System32\SHCORE.dll
0x00007fff1b9c0000 - 0x00007fff1ba15000 	C:\Windows\System32\shlwapi.dll
0x00007fff19de0000 - 0x00007fff19dff000 	C:\Windows\SYSTEM32\profapi.dll
0x00007ffed64d0000 - 0x00007ffed64e3000 	C:\Users\Agubata\.jdks\openjdk-19.0.2\bin\net.dll
0x00007fff089d0000 - 0x00007fff08add000 	C:\Windows\SYSTEM32\WINHTTP.dll
0x00007fff19660000 - 0x00007fff196ca000 	C:\Windows\system32\mswsock.dll
0x00007ffed6320000 - 0x00007ffed6336000 	C:\Users\Agubata\.jdks\openjdk-19.0.2\bin\nio.dll
0x00007ffec7e90000 - 0x00007ffec7ea8000 	C:\Users\Agubata\.jdks\openjdk-19.0.2\bin\zip.dll
0x00007fff08820000 - 0x00007fff08830000 	C:\Users\Agubata\.jdks\openjdk-19.0.2\bin\verify.dll
0x00007ffef6120000 - 0x00007ffef6147000 	C:\Users\Agubata\AndroidStudioProjects\GibbsLibrary\native\68d5fa5c4cc2d200863cafc0d521ce42e7d3e7ee720ec0a83991735586a16f82\windows-amd64\native-platform.dll
0x00007ffe7dcc0000 - 0x00007ffe7de04000 	C:\Users\Agubata\AndroidStudioProjects\GibbsLibrary\native\e376f236ea51e6404a007f0833ffe2c6e607c4080706a723a18a27aeea778392\windows-amd64\native-platform-file-events.dll
0x00007fff083c0000 - 0x00007fff083ca000 	C:\Users\Agubata\.jdks\openjdk-19.0.2\bin\management.dll
0x00007fff08310000 - 0x00007fff0831b000 	C:\Users\Agubata\.jdks\openjdk-19.0.2\bin\management_ext.dll
0x00007fff1ba20000 - 0x00007fff1ba28000 	C:\Windows\System32\PSAPI.DLL
0x00007fff19850000 - 0x00007fff19868000 	C:\Windows\SYSTEM32\CRYPTSP.dll
0x00007fff18f10000 - 0x00007fff18f44000 	C:\Windows\system32\rsaenh.dll
0x00007fff1a460000 - 0x00007fff1a487000 	C:\Windows\System32\bcrypt.dll
0x00007fff19d60000 - 0x00007fff19d8e000 	C:\Windows\SYSTEM32\USERENV.dll
0x00007fff19870000 - 0x00007fff1987c000 	C:\Windows\SYSTEM32\CRYPTBASE.dll
0x00007fff19300000 - 0x00007fff1933b000 	C:\Windows\SYSTEM32\IPHLPAPI.DLL
0x00007fff1b340000 - 0x00007fff1b348000 	C:\Windows\System32\NSI.dll
0x00007fff0aa10000 - 0x00007fff0aa27000 	C:\Windows\SYSTEM32\dhcpcsvc6.DLL
0x00007fff0ffb0000 - 0x00007fff0ffcd000 	C:\Windows\SYSTEM32\dhcpcsvc.DLL
0x00007fff19350000 - 0x00007fff1941a000 	C:\Windows\SYSTEM32\DNSAPI.dll
0x00007fff082a0000 - 0x00007fff082a8000 	C:\Users\Agubata\.jdks\openjdk-19.0.2\bin\extnet.dll
0x00007fff08190000 - 0x00007fff0819e000 	C:\Users\Agubata\.jdks\openjdk-19.0.2\bin\sunmscapi.dll
0x00007fff1a690000 - 0x00007fff1a7e6000 	C:\Windows\System32\CRYPT32.dll
0x00007fff19970000 - 0x00007fff19997000 	C:\Windows\SYSTEM32\ncrypt.dll
0x00007fff19930000 - 0x00007fff1996b000 	C:\Windows\SYSTEM32\NTASN1.dll
0x00007ffeface0000 - 0x00007ffeface7000 	C:\Windows\system32\wshunix.dll

dbghelp: loaded successfully - version: 4.0.5 - missing functions: none
symbol engine: initialized successfully - sym options: 0x614 - pdb path: .;C:\Users\Agubata\.jdks\openjdk-19.0.2\bin;C:\Windows\SYSTEM32;C:\Windows\WinSxS\amd64_microsoft.windows.common-controls_6595b64144ccf1df_6.0.19041.1110_none_60b5254171f9507e;C:\Users\Agubata\.jdks\openjdk-19.0.2\bin\server;C:\Users\Agubata\AndroidStudioProjects\GibbsLibrary\native\68d5fa5c4cc2d200863cafc0d521ce42e7d3e7ee720ec0a83991735586a16f82\windows-amd64;C:\Users\Agubata\AndroidStudioProjects\GibbsLibrary\native\e376f236ea51e6404a007f0833ffe2c6e607c4080706a723a18a27aeea778392\windows-amd64

VM Arguments:
jvm_args: --add-opens=java.base/java.util=ALL-UNNAMED --add-opens=java.base/java.lang=ALL-UNNAMED --add-opens=java.base/java.lang.invoke=ALL-UNNAMED --add-opens=java.prefs/java.util.prefs=ALL-UNNAMED --add-opens=java.base/java.nio.charset=ALL-UNNAMED --add-opens=java.base/java.net=ALL-UNNAMED --add-opens=java.base/java.util.concurrent.atomic=ALL-UNNAMED -Xmx2048m -Dfile.encoding=UTF-8 -Duser.country=GB -Duser.language=en -Duser.variant 
java_command: org.gradle.launcher.daemon.bootstrap.GradleDaemon 7.6
java_class_path (initial): C:\Users\Agubata\AndroidStudioProjects\GibbsLibrary\wrapper\dists\gradle-7.6-bin\9l9tetv7ltxvx3i8an4pb86ye\gradle-7.6\lib\gradle-launcher-7.6.jar
Launcher Type: SUN_STANDARD

[Global flags]
     intx CICompilerCount                          = 3                                         {product} {ergonomic}
     uint ConcGCThreads                            = 1                                         {product} {ergonomic}
     uint G1ConcRefinementThreads                  = 4                                         {product} {ergonomic}
   size_t G1HeapRegionSize                         = 1048576                                   {product} {ergonomic}
    uintx GCDrainStackTargetSize                   = 64                                        {product} {ergonomic}
   size_t InitialHeapSize                          = 134217728                                 {product} {ergonomic}
   size_t MarkStackSize                            = 4194304                                   {product} {ergonomic}
   size_t MaxHeapSize                              = 2147483648                                {product} {command line}
   size_t MaxNewSize                               = 1287651328                                {product} {ergonomic}
   size_t MinHeapDeltaBytes                        = 1048576                                   {product} {ergonomic}
   size_t MinHeapSize                              = 8388608                                   {product} {ergonomic}
    uintx NonNMethodCodeHeapSize                   = 5832780                                {pd product} {ergonomic}
    uintx NonProfiledCodeHeapSize                  = 122912730                              {pd product} {ergonomic}
    uintx ProfiledCodeHeapSize                     = 122912730                              {pd product} {ergonomic}
    uintx ReservedCodeCacheSize                    = 251658240                              {pd product} {ergonomic}
     bool SegmentedCodeCache                       = true                                      {product} {ergonomic}
   size_t SoftMaxHeapSize                          = 2147483648                             {manageable} {ergonomic}
     bool UseCompressedClassPointers               = true                           {product lp64_product} {ergonomic}
     bool UseCompressedOops                        = true                           {product lp64_product} {ergonomic}
     bool UseG1GC                                  = true                                      {product} {ergonomic}
     bool UseLargePagesIndividualAllocation        = false                                  {pd product} {ergonomic}

Logging:
Log output configuration:
 #0: stdout all=warning uptime,level,tags foldmultilines=false
 #1: stderr all=off uptime,level,tags foldmultilines=false

Environment Variables:
PATH=C:\Program Files (x86)\PC Connectivity Solution\;C:\Program Files (x86)\Common Files\Oracle\Java\javapath;C:\Program Files (x86)\Intel\iCLS Client\;C:\Program Files\Intel\iCLS Client\;C:\WINDOWS\system32;C:\WINDOWS;C:\WINDOWS\System32\Wbem;C:\WINDOWS\System32\WindowsPowerShell\v1.0\;C:\Program Files (x86)\Intel\Intel(R) Management Engine Components\DAL;C:\Program Files\Intel\Intel(R) Management Engine Components\DAL;C:\Program Files (x86)\Intel\Intel(R) Management Engine Components\IPT;C:\Program Files\Intel\Intel(R) Management Engine Components\IPT;C:\Program Files\Intel\WiFi\bin\;C:\Program Files\Common Files\Intel\WirelessCommon\;C:\WINDOWS\System32\OpenSSH\;C:\Program Files\Microsoft SQL Server\Client SDK\ODBC\170\Tools\Binn\;C:\Program Files\dotnet\;C:\Program Files\Calibre2\;C:\Program Files\Git\cmd;C:\Program Files\MySQL\MySQL Shell 8.0\bin\;C:\Program Files\Java\jdk1.8.0_341\bin;C:\Users\Agubata\.dotnet\tools
USERNAME=Agubata
OS=Windows_NT
PROCESSOR_IDENTIFIER=Intel64 Family 6 Model 78 Stepping 3, GenuineIntel
TMP=C:\Users\Agubata\AppData\Local\Temp
TEMP=C:\Users\Agubata\AppData\Local\Temp



---------------  S Y S T E M  ---------------

OS:
 Windows 10 , 64 bit Build 19041 (10.0.19041.1889)
OS uptime: 0 days 7:23 hours

CPU: total 4 (initial active 4) (2 cores per cpu, 2 threads per core) family 6 model 78 stepping 3 microcode 0xcc, cx8, cmov, fxsr, ht, mmx, 3dnowpref, sse, sse2, sse3, ssse3, sse4.1, sse4.2, popcnt, lzcnt, tsc, tscinvbit, avx, avx2, aes, erms, clmul, bmi1, bmi2, rtm, adx, fma, vzeroupper, clflush, clflushopt, rdtscp

Memory: 4k page, system-wide physical 8081M (327M free)
TotalPageFile size 16162M (AvailPageFile size 3M)
current process WorkingSet (physical memory assigned to process): 170M, peak: 239M
current process commit charge ("private bytes"): 263M, peak: 292M

vm_info: OpenJDK 64-Bit Server VM (19.0.2+7-44) for windows-amd64 JRE (19.0.2+7-44), built on 2022-11-30T18:02:09Z by "mach5one" with MS VC++ 17.1 (VS2022)

END.
